<?xml version="1.0" encoding="UTF-8"?>
<robot generator="Robot 4.1 (Python 3.8.11 on win32)" generated="20210903 14:57:14.118" rpa="true" schemaversion="2">
<suite id="s1" name="RobotSpareBin Industries Inc" source="c:\Users\Porhel\Documents\Developpement\Automation\robocorp\RobotSpareBin Industries Inc">
<suite id="s1-s1" name="Tasks" source="c:\Users\Porhel\Documents\Developpement\Automation\robocorp\RobotSpareBin Industries Inc\tasks.robot">
<test id="s1-s1-t1" name="Order robots from RobotSpareBin Industries Inc">
<kw name="Open the robot order website">
<kw name="Open Available Browser">
<arg>https://robotsparebinindustries.com/#/robot-order</arg>
<msg timestamp="20210903 14:57:14.477" level="FAIL">No keyword with name 'Open Available Browser' found.</msg>
<status status="FAIL" starttime="20210903 14:57:14.477" endtime="20210903 14:57:14.477"/>
</kw>
<kw name="Click Button">
<arg>btn btn-dark</arg>
<status status="NOT RUN" starttime="20210903 14:57:14.477" endtime="20210903 14:57:14.477"/>
</kw>
<kw name="Sleep" library="BuiltIn">
<arg>5s</arg>
<doc>Pauses the test executed for the given time.</doc>
<status status="NOT RUN" starttime="20210903 14:57:14.477" endtime="20210903 14:57:14.477"/>
</kw>
<status status="FAIL" starttime="20210903 14:57:14.462" endtime="20210903 14:57:14.493"/>
</kw>
<status status="FAIL" starttime="20210903 14:57:14.462" endtime="20210903 14:57:14.493">No keyword with name 'Open Available Browser' found.</status>
</test>
<doc>Orders robots from RobotSpareBin Industries Inc.
Saves the order HTML receipt as a PDF file.
Saves the screenshot of the ordered robot.
Embeds the screenshot of the robot to the PDF receipt.
Creates ZIP archive of the receipts and the images.</doc>
<status status="FAIL" starttime="20210903 14:57:14.430" endtime="20210903 14:57:14.493"/>
</suite>
<status status="FAIL" starttime="20210903 14:57:14.134" endtime="20210903 14:57:14.493"/>
</suite>
<statistics>
<total>
<stat pass="0" fail="1" skip="0">All Tasks</stat>
</total>
<tag>
</tag>
<suite>
<stat pass="0" fail="1" skip="0" id="s1" name="RobotSpareBin Industries Inc">RobotSpareBin Industries Inc</stat>
<stat pass="0" fail="1" skip="0" id="s1-s1" name="Tasks">RobotSpareBin Industries Inc.Tasks</stat>
</suite>
</statistics>
<errors>
<msg timestamp="20210903 14:57:14.446" level="ERROR">Error in file 'c:\Users\Porhel\Documents\Developpement\Automation\robocorp\RobotSpareBin Industries Inc\tasks.robot' on line 8: Importing library 'RPA.Browser.Selenium' failed: ModuleNotFoundError: No module named 'RPA.Browser'
Traceback (most recent call last):
  None
PYTHONPATH:
  c:\Users\Porhel\.vscode\extensions\robocorp.robotframework-lsp-0.21.0\src\robotframework_debug_adapter
  c:\Users\Porhel\Documents\Developpement\Automation\robocorp
  c:\Users\Porhel\.vscode\extensions\robocorp.robotframework-lsp-0.21.0\src
  c:\Users\Porhel\.vscode\extensions\robocorp.robotframework-lsp-0.21.0\src\robotframework_ls\vendored
  C:\Users\Porhel\AppData\Local\robocorp\holotree\b1f3c244e_d916fbd8\python38.zip
  C:\Users\Porhel\AppData\Local\robocorp\holotree\b1f3c244e_d916fbd8\DLLs
  C:\Users\Porhel\AppData\Local\robocorp\holotree\b1f3c244e_d916fbd8\lib
  C:\Users\Porhel\AppData\Local\robocorp\holotree\b1f3c244e_d916fbd8
  C:\Users\Porhel\AppData\Local\robocorp\holotree\b1f3c244e_d916fbd8\lib\site-packages</msg>
</errors>
</robot>
